Build started 9/14/2015 4:59:21 PM.
     1>Project "C:\Users\Administrator\Desktop\College\DigiPen\Fall 2015\CS 529 - Fundamentals of Game Dev\Project 1 Part 1\Project 1 Part 1\Project 1 Part 1.vcxproj" on node 2 (Build target(s)).
     1>ClCompile:
         C:\Program Files (x86)\Microsoft Visual Studio 14.0\VC\bin\CL.exe /c /ZI /nologo /W3 /WX- /Od /Oy- /D WIN32 /D _DEBUG /D _CONSOLE /D _UNICODE /D UNICODE /Gm /EHsc /RTC1 /MDd /GS /fp:precise /Zc:wchar_t /Zc:forScope /Zc:inline /Fo"Debug\\" /Fd"Debug\vc140.pdb" /Gd /TC /analyze- /errorReport:prompt Matrix2D.c
         Matrix2D.c
     1>c:\users\administrator\desktop\college\digipen\fall 2015\cs 529 - fundamentals of game dev\project 1 part 1\project 1 part 1\matrix2d.c(198): warning C4013: 'printf' undefined; assuming extern returning int
     1>c:\users\administrator\desktop\college\digipen\fall 2015\cs 529 - fundamentals of game dev\project 1 part 1\project 1 part 1\matrix2d.c(325): warning C4244: 'initializing': conversion from 'double' to 'float', possible loss of data
     1>c:\users\administrator\desktop\college\digipen\fall 2015\cs 529 - fundamentals of game dev\project 1 part 1\project 1 part 1\matrix2d.c(348): warning C4244: '=': conversion from 'double' to 'float', possible loss of data
     1>c:\users\administrator\desktop\college\digipen\fall 2015\cs 529 - fundamentals of game dev\project 1 part 1\project 1 part 1\matrix2d.c(349): warning C4244: '=': conversion from 'double' to 'float', possible loss of data
     1>c:\users\administrator\desktop\college\digipen\fall 2015\cs 529 - fundamentals of game dev\project 1 part 1\project 1 part 1\matrix2d.c(351): warning C4244: '=': conversion from 'double' to 'float', possible loss of data
     1>c:\users\administrator\desktop\college\digipen\fall 2015\cs 529 - fundamentals of game dev\project 1 part 1\project 1 part 1\matrix2d.c(352): warning C4244: '=': conversion from 'double' to 'float', possible loss of data
       Link:
         C:\Program Files (x86)\Microsoft Visual Studio 14.0\VC\bin\link.exe /ERRORREPORT:PROMPT /OUT:"C:\Users\Administrator\Desktop\College\DigiPen\Fall 2015\CS 529 - Fundamentals of Game Dev\Project 1 Part 1\Project 1 Part 1\Debug\Project 1 Part 1.exe" /INCREMENTAL /NOLOGO kernel32.lib user32.lib gdi32.lib winspool.lib comdlg32.lib advapi32.lib shell32.lib ole32.lib oleaut32.lib uuid.lib odbc32.lib odbccp32.lib /MANIFEST /MANIFESTUAC:"level='asInvoker' uiAccess='false'" /manifest:embed /Debug /PDB:"C:\Users\Administrator\Desktop\College\DigiPen\Fall 2015\CS 529 - Fundamentals of Game Dev\Project 1 Part 1\Project 1 Part 1\Debug\Project 1 Part 1.pdb" /SUBSYSTEM:CONSOLE /TLBID:1 /DYNAMICBASE /NXCOMPAT /IMPLIB:"C:\Users\Administrator\Desktop\College\DigiPen\Fall 2015\CS 529 - Fundamentals of Game Dev\Project 1 Part 1\Project 1 Part 1\Debug\Project 1 Part 1.lib" /MACHINE:X86 /SAFESEH Debug\Main.obj
         Debug\Math2D.obj
         Debug\Matrix2D.obj
         Debug\Vector2D.obj
         Project 1 Part 1.vcxproj -> C:\Users\Administrator\Desktop\College\DigiPen\Fall 2015\CS 529 - Fundamentals of Game Dev\Project 1 Part 1\Project 1 Part 1\Debug\Project 1 Part 1.exe
     1>Done Building Project "C:\Users\Administrator\Desktop\College\DigiPen\Fall 2015\CS 529 - Fundamentals of Game Dev\Project 1 Part 1\Project 1 Part 1\Project 1 Part 1.vcxproj" (Build target(s)).

Build succeeded.

Time Elapsed 00:00:00.21
